<?xml version="1.0" encoding="UTF-8"?>
<testsuite name="com.aor.numbers.FirstSpecification" tests="1" skipped="0" failures="1" errors="0" timestamp="2023-10-27T10:07:59" hostname="tiago-ROG-Strix-G531GT-G531GT" time="0.016">
  <properties/>
  <testcase name="Should verify notify was called" classname="com.aor.numbers.FirstSpecification" time="0.016">
    <failure message="groovy.lang.MissingPropertyException: No such property: Notifier for class: com.aor.numbers.FirstSpecification" type="groovy.lang.MissingPropertyException">groovy.lang.MissingPropertyException: No such property: Notifier for class: com.aor.numbers.FirstSpecification
	at com.aor.numbers.FirstSpecification.Should verify notify was called(FirstSpecification.groovy:78)
</failure>
  </testcase>
  <system-out><![CDATA[]]></system-out>
  <system-err><![CDATA[]]></system-err>
</testsuite>
