<?xml version="1.0" encoding="UTF-8"?>
<testsuite name="com.aor.numbers.FirstSpecification" tests="11" skipped="0" failures="0" errors="0" timestamp="2023-10-20T11:15:41" hostname="tiago-ROG-Strix-G531GT-G531GT" time="0.198">
  <properties/>
  <testcase name="two plus two should equal four" classname="com.aor.numbers.FirstSpecification" time="0.13"/>
  <testcase name="Should be able to remove from list" classname="com.aor.numbers.FirstSpecification" time="0.032"/>
  <testcase name="Should get an index out of bounds when removing a non-existent item" classname="com.aor.numbers.FirstSpecification" time="0.001"/>
  <testcase name="numbers to the power of two [a: 1, b: 2, c: 1, #0]" classname="com.aor.numbers.FirstSpecification" time="0.003"/>
  <testcase name="numbers to the power of two [a: 2, b: 2, c: 4, #1]" classname="com.aor.numbers.FirstSpecification" time="0.0"/>
  <testcase name="numbers to the power of two [a: 3, b: 2, c: 9, #2]" classname="com.aor.numbers.FirstSpecification" time="0.0"/>
  <testcase name="Should get an index out of bounds when removing a non-existent item" classname="com.aor.numbers.FirstSpecification" time="0.001"/>
  <testcase name="numbers to the power of two [a: 1, b: 2, c: 1, #0]" classname="com.aor.numbers.FirstSpecification" time="0.0"/>
  <testcase name="numbers to the power of two [a: 2, b: 2, c: 4, #1]" classname="com.aor.numbers.FirstSpecification" time="0.001"/>
  <testcase name="numbers to the power of two [a: 3, b: 2, c: 9, #2]" classname="com.aor.numbers.FirstSpecification" time="0.0"/>
  <testcase name="Should verify notify was called" classname="com.aor.numbers.FirstSpecification" time="0.015"/>
  <system-out><![CDATA[]]></system-out>
  <system-err><![CDATA[]]></system-err>
</testsuite>
