<?xml version="1.0" encoding="UTF-8"?>
<testsuite name="com.aor.numbers.max_buug_7263" tests="1" skipped="0" failures="0" errors="0" timestamp="2023-10-20T10:42:05" hostname="tiago-ROG-Strix-G531GT-G531GT" time="0.0">
  <properties/>
  <testcase name="maxBugError()" classname="com.aor.numbers.max_buug_7263" time="0.0"/>
  <system-out><![CDATA[]]></system-out>
  <system-err><![CDATA[]]></system-err>
</testsuite>
