<?xml version="1.0" encoding="UTF-8"?>
<testsuite name="com.aor.numbers.ListFiltererTest" tests="2" skipped="0" failures="0" errors="0" timestamp="2023-10-20T10:42:05" hostname="tiago-ROG-Strix-G531GT-G531GT" time="0.002">
  <properties/>
  <testcase name="positiveFilterTest()" classname="com.aor.numbers.ListFiltererTest" time="0.001"/>
  <testcase name="divisibleFilterTest()" classname="com.aor.numbers.ListFiltererTest" time="0.001"/>
  <system-out><![CDATA[]]></system-out>
  <system-err><![CDATA[]]></system-err>
</testsuite>
